<?xml version="1.0" encoding="UTF-8"?>
<testng-results skipped="0" failed="0" total="1" passed="1">
  <reporter-output>
    <line>
      <![CDATA[=====Browser Session Started=====]]>
    </line>
    <line>
      <![CDATA[=====Application Started=====]]>
    </line>
    <line>
      <![CDATA[=====Browser Session End=====]]>
    </line>
  </reporter-output>
  <suite name="Default suite" duration-ms="57384" started-at="2017-08-02T09:36:29Z" finished-at="2017-08-02T09:37:27Z">
    <groups>
    </groups>
    <test name="Default test" duration-ms="57384" started-at="2017-08-02T09:36:29Z" finished-at="2017-08-02T09:37:27Z">
      <class name="TestCases.ChangePassowrdTesting">
        <test-method status="PASS" signature="SetupApplication()[pri:0, instance:TestCases.ChangePassowrdTesting@4c70fda8]" name="SetupApplication" is-config="true" duration-ms="22046" started-at="2017-08-02T15:06:29Z" finished-at="2017-08-02T15:06:51Z">
          <reporter-output>
            <line>
              <![CDATA[=====Browser Session Started=====]]>
            </line>
            <line>
              <![CDATA[=====Application Started=====]]>
            </line>
          </reporter-output>
        </test-method> <!-- SetupApplication -->
        <test-method status="PASS" signature="Changepassword()[pri:0, instance:TestCases.ChangePassowrdTesting@4c70fda8]" name="Changepassword" duration-ms="33533" started-at="2017-08-02T15:06:51Z" description="Changing the User Password" finished-at="2017-08-02T15:07:25Z">
          <reporter-output>
          </reporter-output>
        </test-method> <!-- Changepassword -->
        <test-method status="PASS" signature="closeApplication()[pri:0, instance:TestCases.ChangePassowrdTesting@4c70fda8]" name="closeApplication" is-config="true" duration-ms="1750" started-at="2017-08-02T15:07:25Z" finished-at="2017-08-02T15:07:27Z">
          <reporter-output>
            <line>
              <![CDATA[=====Browser Session End=====]]>
            </line>
          </reporter-output>
        </test-method> <!-- closeApplication -->
      </class> <!-- TestCases.ChangePassowrdTesting -->
    </test> <!-- Default test -->
  </suite> <!-- Default suite -->
</testng-results>
