<?xml version="1.0" encoding="UTF-8"?>
<testng-results skipped="0" failed="0" total="1" passed="1">
  <reporter-output>
    <line>
      <![CDATA[=====Browser Session Started=====]]>
    </line>
    <line>
      <![CDATA[=====Application Started=====]]>
    </line>
    <line>
      <![CDATA[=====Browser Session End=====]]>
    </line>
  </reporter-output>
  <suite name="Default suite" duration-ms="99609" started-at="2017-08-02T11:50:24Z" finished-at="2017-08-02T11:52:03Z">
    <groups>
    </groups>
    <test name="Default test" duration-ms="99609" started-at="2017-08-02T11:50:24Z" finished-at="2017-08-02T11:52:03Z">
      <class name="TestCases.TestGoogleDriveIntegration">
        <test-method status="PASS" signature="SetupApplication()[pri:0, instance:TestCases.TestGoogleDriveIntegration@224edc67]" name="SetupApplication" is-config="true" duration-ms="21988" started-at="2017-08-02T17:20:24Z" finished-at="2017-08-02T17:20:46Z">
          <reporter-output>
            <line>
              <![CDATA[=====Browser Session Started=====]]>
            </line>
            <line>
              <![CDATA[=====Application Started=====]]>
            </line>
          </reporter-output>
        </test-method> <!-- SetupApplication -->
        <test-method status="PASS" signature="IntegrationVerification()[pri:0, instance:TestCases.TestGoogleDriveIntegration@224edc67]" name="IntegrationVerification" duration-ms="75429" started-at="2017-08-02T17:20:46Z" finished-at="2017-08-02T17:22:01Z">
          <reporter-output>
          </reporter-output>
        </test-method> <!-- IntegrationVerification -->
        <test-method status="PASS" signature="closeApplication()[pri:0, instance:TestCases.TestGoogleDriveIntegration@224edc67]" name="closeApplication" is-config="true" duration-ms="2137" started-at="2017-08-02T17:22:01Z" finished-at="2017-08-02T17:22:03Z">
          <reporter-output>
            <line>
              <![CDATA[=====Browser Session End=====]]>
            </line>
          </reporter-output>
        </test-method> <!-- closeApplication -->
      </class> <!-- TestCases.TestGoogleDriveIntegration -->
    </test> <!-- Default test -->
  </suite> <!-- Default suite -->
</testng-results>
